<?xml version="1.0" encoding="UTF-8"?>
<!-- Generated by org.testng.reporters.JUnitXMLReporter -->
<testsuite ignored="0" hostname="Nandha" failures="0" tests="9" name="Test" time="121.484" errors="0" timestamp="2023-04-26T19:36:09 IST">
  <testcase classname="org.ten.TestNg11B" name="tc4" time="7.901"/>
  <testcase classname="org.ten.TestNg11C" name="tc4" time="10.872"/>
  <testcase classname="org.ten.TestNg11B" name="tc5" time="5.903"/>
  <testcase classname="org.ten.TestNg11A" name="tc1" time="20.79"/>
  <testcase classname="org.ten.TestNg11B" name="tc6" time="45.709"/>
  <testcase classname="org.ten.TestNg11C" name="tc5" time="54.758"/>
  <testcase classname="org.ten.TestNg11A" name="tc2" time="80.28"/>
  <testcase classname="org.ten.TestNg11A" name="tc3" time="15.045"/>
  <testcase classname="org.ten.TestNg11C" name="tc6" time="55.811"/>
</testsuite> <!-- Test -->
