<?xml version="1.0" encoding="UTF-8"?>
<testng-results ignored="0" total="3" passed="3" failed="0" skipped="0">
  <reporter-output>
  </reporter-output>
  <suite started-at="2023-04-27T10:10:56 IST" name="Suite" finished-at="2023-04-27T10:11:30 IST" duration-ms="33928">
    <groups>
    </groups>
    <test started-at="2023-04-27T10:10:56 IST" name="FirefoxTest" finished-at="2023-04-27T10:11:17 IST" duration-ms="20679">
      <class name="org.tem.CrossSample">
        <test-method signature="tc1(java.lang.String)[pri:0, instance:org.tem.CrossSample@194bcebf]" started-at="2023-04-27T10:10:56 IST" name="tc1" finished-at="2023-04-27T10:11:17 IST" duration-ms="20632" status="PASS">
          <params>
            <param index="0">
              <value>
                <![CDATA[firefoxbrowser]]>
              </value>
            </param>
          </params>
          <reporter-output>
          </reporter-output>
        </test-method> <!-- tc1 -->
      </class> <!-- org.tem.CrossSample -->
    </test> <!-- FirefoxTest -->
    <test started-at="2023-04-27T10:10:56 IST" name="EdgeTest" finished-at="2023-04-27T10:11:27 IST" duration-ms="31269">
      <class name="org.tem.CrossSample">
        <test-method signature="tc1(java.lang.String)[pri:0, instance:org.tem.CrossSample@53ce1329]" started-at="2023-04-27T10:10:56 IST" name="tc1" finished-at="2023-04-27T10:11:27 IST" duration-ms="31224" status="PASS">
          <params>
            <param index="0">
              <value>
                <![CDATA[edgebrowser]]>
              </value>
            </param>
          </params>
          <reporter-output>
          </reporter-output>
        </test-method> <!-- tc1 -->
      </class> <!-- org.tem.CrossSample -->
    </test> <!-- EdgeTest -->
    <test started-at="2023-04-27T10:10:56 IST" name="ChromeTest" finished-at="2023-04-27T10:11:30 IST" duration-ms="33928">
      <class name="org.tem.CrossSample">
        <test-method signature="tc1(java.lang.String)[pri:0, instance:org.tem.CrossSample@3d5c822d]" started-at="2023-04-27T10:10:56 IST" name="tc1" finished-at="2023-04-27T10:11:30 IST" duration-ms="33884" status="PASS">
          <params>
            <param index="0">
              <value>
                <![CDATA[chromebrowser]]>
              </value>
            </param>
          </params>
          <reporter-output>
          </reporter-output>
        </test-method> <!-- tc1 -->
      </class> <!-- org.tem.CrossSample -->
    </test> <!-- ChromeTest -->
  </suite> <!-- Suite -->
</testng-results>
